[33mWARN[39m: [object Object]
[33m[1mWARN[22m[39m: environment: test
[31m[9mERROR[29m[39m: environment: test
[33m[1mWARN[22m[39m: environment: test
[45m[31m[9mERROR[29m[39m[49m: environment: test
[45m[33m[1mWARN[22m[39m[49m: environment: test
[45m[31m[9mERROR[29m[39m[49m: environment: test
[45m[33m[1mWARN[22m[39m[49m: environment: test
[41m[31m[9mERROR[29m[39m[49m: environment: test
[43m[33m[1mWARN[22m[39m[49m: environment: test
[41m[31m[9mERROR[29m[39m[49m: environment: test
[43m[33m[1mWARN[22m[39m[49m: environment: test
[41m[31m[9mERROR[29m[39m[49m: environment: test
[43m[33m[1mWARN[22m[39m[49m: environment: test
[41m[31m[9mERROR[29m[39m[49m: environment: test
[43m[33m[1mWARN[22m[39m[49m: environment: test
[41m[31m[9mERROR[29m[39m[49m: environment: test
[43m[33m[1mWARN[22m[39m[49m: environment: test
[41m[31m[9mERROR[29m[39m[49m: environment: test
[43m[33m[1mWARN[22m[39m[49m: environment: test
[41m[31m[9mERROR[29m[39m[49m: environment: test
[43m[33m[1mWARN[22m[39m[49m: environment: test
[41m[31m[9mERROR[29m[39m[49m: environment: test
[43m[33m[1mWARN[22m[39m[49m: environment: test
[41m[31m[9mERROR[29m[39m[49m: environment: test
[43m[33m[1mWARN[22m[39m[49m: environment: test
[41m[31m[9mERROR[29m[39m[49m: environment: test
[43m[33m[1mWARN[22m[39m[49m: environment: test
[41m[31m[9mERROR[29m[39m[49m: environment: test
[43m[33m[1mWARN[22m[39m[49m: environment: test
[41m[31m[9mERROR[29m[39m[49m: environment: test
[43m[33m[1mWARN[22m[39m[49m: environment: test
[41m[31m[9mERROR[29m[39m[49m: environment: test
[43m[33m[1mWARN[22m[39m[49m: environment: test
[41m[31m[9mERROR[29m[39m[49m: environment: test
[43m[33m[1mWARN[22m[39m[49m: environment: test
[41m[31m[9mERROR[29m[39m[49m: environment: test
[41m[31m[9mERROR[29m[39m[49m: Cannot read properties of undefined (reading 'statusCode')
[41m[31m[9mERROR[29m[39m[49m: Cannot read properties of undefined (reading 'statusCode')
[41m[31m[9mERROR[29m[39m[49m: Cannot read properties of undefined (reading 'statusCode')
[41m[31m[9mERROR[29m[39m[49m: Cannot read properties of undefined (reading 'statusCode')
[41m[31m[9mERROR[29m[39m[49m: Cannot read properties of undefined (reading 'statusCode')
[41m[31m[9mERROR[29m[39m[49m: Cannot read properties of undefined (reading 'statusCode')
[41m[31m[9mERROR[29m[39m[49m: Cannot read properties of undefined (reading 'statusCode')
[41m[31m[9mERROR[29m[39m[49m: Cannot read properties of undefined (reading 'statusCode')
